C:\Program Files\Microsoft Visual Studio\2022\Community\MSBuild\Microsoft\VC\v170\Microsoft.CppBuild.targets(524,5): warning MSB8004: Output ディレクトリの末尾がスラッシュではありません。Output ディレクトリが適切に評価されるようにするために、このビルド インスタンスによってスラッシュが追加されます。
  GamePadInput.cpp
  Line.cpp
  Grid.cpp
  DepthStencil.cpp
  DescriptorHeap.cpp
  DirectinalLight.cpp
  GpuSyncManager.cpp
  DebugCamera.cpp
  Sprite.cpp
  Audio.cpp
  Input.cpp
  Engine.cpp
  BlendState.cpp
  Calculation.cpp
  CommandContext.cpp
  DepthStencilState.cpp
  Draw.cpp
  DirectXShaderCompiler.cpp
  imgui.cpp
  imgui_demo.cpp
  imgui_draw.cpp
  imgui_impl_dx12.cpp
  imgui_impl_win32.cpp
  imgui_tables.cpp
  imgui_widgets.cpp
C:\TechnicalSchool\CG2\MatchaEngine\Resource\Audio.cpp(46,33): warning C4245: '引数': '__MIDL___MIDL_itf_mfreadwrite_0000_0001_0001' から 'DWORD' に変換しました。signed/unsigned が一致しません。
C:\TechnicalSchool\CG2\MatchaEngine\Resource\Audio.cpp(52,34): warning C4245: '引数': '__MIDL___MIDL_itf_mfreadwrite_0000_0001_0001' から 'DWORD' に変換しました。signed/unsigned が一致しません。
C:\TechnicalSchool\CG2\MatchaEngine\Resource\Audio.cpp(56,34): warning C4245: '引数': '__MIDL___MIDL_itf_mfreadwrite_0000_0001_0001' から 'DWORD' に変換しました。signed/unsigned が一致しません。
C:\TechnicalSchool\CG2\MatchaEngine\Resource\Audio.cpp(68,29): warning C4245: '引数': '__MIDL___MIDL_itf_mfreadwrite_0000_0001_0001' から 'DWORD' に変換しました。signed/unsigned が一致しません。
  GraphicsDevice.cpp
  GraphicsPipelineState.cpp
  InputLayout.cpp
  LogHandler.cpp
  main.cpp
  RasterizerState.cpp
  RootParameter.cpp
  RootSignature.cpp
  ShaderCompile.cpp
  WindowConfig.cpp
  MaterialFactory.cpp
  Model.cpp
  Load.cpp
C:\TechnicalSchool\CG2\MatchaEngine\Engine.cpp(176,24): warning C4458: 'descriptorHeeps' を宣言すると、クラス メンバーが隠蔽されます
      C:\TechnicalSchool\CG2\MatchaEngine\Engine.h(100,24):
      'Engine::descriptorHeeps' の宣言を確認してください
  
  TextureLoader.cpp
  RenderTargetView.cpp
  Sampler.cpp
  ResourceBarrierHelper.cpp
  Sphere.cpp
  SwapChain.cpp
  Texture.cpp
  ViewportScissor.cpp
  Triangle.cpp
C:\TechnicalSchool\CG2\MatchaEngine\Graphics\ViewportScissor.cpp(14,20): warning C4244: '=': 'int' から 'FLOAT' への変換です。データが失われる可能性があります。
C:\TechnicalSchool\CG2\MatchaEngine\Graphics\ViewportScissor.cpp(15,21): warning C4244: '=': 'int' から 'FLOAT' への変換です。データが失われる可能性があります。
  CG.vcxproj -> C:\TechnicalSchool\CG2\x64\Debug\CG.exe
          1 個のファイルをコピーしました。
          1 個のファイルをコピーしました。
